<?xml version="1.0" encoding="UTF-8"?>
<testsuite name="MyJavaProg.SieveOfEratosthenesTest" tests="2" skipped="0" failures="0" errors="0" timestamp="2020-11-09T19:12:52" hostname="LAPTOP-7ANGU76K" time="0.003">
  <properties/>
  <testcase name="sieveTestSmall_positive" classname="MyJavaProg.SieveOfEratosthenesTest" time="0.002"/>
  <testcase name="sieveTestBig_positive" classname="MyJavaProg.SieveOfEratosthenesTest" time="0.0"/>
  <system-out><![CDATA[]]></system-out>
  <system-err><![CDATA[]]></system-err>
</testsuite>
