<?xml version="1.0" encoding="UTF-8"?>
<testsuite name="MyJavaProg.ConsoleTest" tests="4" skipped="0" failures="0" errors="0" timestamp="2020-11-09T19:12:52" hostname="LAPTOP-7ANGU76K" time="0.007">
  <properties/>
  <testcase name="readIntTest_positive" classname="MyJavaProg.ConsoleTest" time="0.006"/>
  <testcase name="readIntTest_negative" classname="MyJavaProg.ConsoleTest" time="0.0"/>
  <testcase name="readStringTest_positive" classname="MyJavaProg.ConsoleTest" time="0.001"/>
  <testcase name="readStringTest_negative" classname="MyJavaProg.ConsoleTest" time="0.0"/>
  <system-out><![CDATA[]]></system-out>
  <system-err><![CDATA[]]></system-err>
</testsuite>
