<?xml version="1.0" encoding="UTF-8"?>
<testsuite name="MyJavaProg.ConsoleTest" tests="4" skipped="0" failures="0" errors="0" timestamp="2020-11-12T09:56:57" hostname="DESKTOP-2MH8R2I" time="0.003">
  <properties/>
  <testcase name="readIntTest_positive" classname="MyJavaProg.ConsoleTest" time="0.003"/>
  <testcase name="readIntTest_negative" classname="MyJavaProg.ConsoleTest" time="0.0"/>
  <testcase name="readStringTest_positive" classname="MyJavaProg.ConsoleTest" time="0.0"/>
  <testcase name="readStringTest_negative" classname="MyJavaProg.ConsoleTest" time="0.0"/>
  <system-out><![CDATA[]]></system-out>
  <system-err><![CDATA[]]></system-err>
</testsuite>
