<?xml version="1.0" encoding="UTF-8"?>
<testsuite name="MyJavaProg.GCDTest" tests="4" skipped="0" failures="0" errors="0" timestamp="2020-11-09T10:43:22" hostname="LAPTOP-7ANGU76K" time="0.001">
  <properties/>
  <testcase name="euclidDivRec_positive" classname="MyJavaProg.GCDTest" time="0.0"/>
  <testcase name="euclidSubRec_positive" classname="MyJavaProg.GCDTest" time="0.0"/>
  <testcase name="euclidDivIte_positive" classname="MyJavaProg.GCDTest" time="0.0"/>
  <testcase name="euclidSubIte_positive" classname="MyJavaProg.GCDTest" time="0.0"/>
  <system-out><![CDATA[]]></system-out>
  <system-err><![CDATA[]]></system-err>
</testsuite>
